1572283830455	mozrunner::runner	INFO	Running command: "/Applications/Firefox.app/Contents/MacOS/firefox-bin" "-marionette" "-headless" "-foreground" "-no-remote" "-profile" "/var/folders/4f/cgdgg75s2_59y08qgjn1r6j40000gn/T/rust_mozprofileexKMTp"
*** You are running in headless mode.
1572283832282	addons.webextension.screenshots@mozilla.org	WARN	Loading extension 'screenshots@mozilla.org': Reading manifest: Invalid extension permission: mozillaAddons
1572283832283	addons.webextension.screenshots@mozilla.org	WARN	Loading extension 'screenshots@mozilla.org': Reading manifest: Invalid extension permission: telemetry
1572283832283	addons.webextension.screenshots@mozilla.org	WARN	Loading extension 'screenshots@mozilla.org': Reading manifest: Invalid extension permission: resource://pdf.js/
1572283832283	addons.webextension.screenshots@mozilla.org	WARN	Loading extension 'screenshots@mozilla.org': Reading manifest: Invalid extension permission: about:reader*
1572283834306	Marionette	INFO	Listening on port 49647
1572283834315	Marionette	WARN	TLS certificate errors will be ignored for this session
Exiting due to channel error.
[GFX1-]: Receive IPC close with reason=AbnormalShutdown
[Child 1319, Chrome_ChildThread] WARNING: pipe error: Broken pipe: file /builds/worker/workspace/build/src/ipc/chromium/src/chrome/common/ipc_channel_posix.cc, line 728
Exiting due to channel error.
[GFX1-]: Receive IPC close with reason=AbnormalShutdown
Exiting due to channel error.
1572284002140	mozrunner::runner	INFO	Running command: "/Applications/Firefox.app/Contents/MacOS/firefox-bin" "-marionette" "-headless" "-foreground" "-no-remote" "-profile" "/var/folders/4f/cgdgg75s2_59y08qgjn1r6j40000gn/T/rust_mozprofilerEEQG8"
*** You are running in headless mode.
1572284002567	addons.webextension.screenshots@mozilla.org	WARN	Loading extension 'screenshots@mozilla.org': Reading manifest: Invalid extension permission: mozillaAddons
1572284002567	addons.webextension.screenshots@mozilla.org	WARN	Loading extension 'screenshots@mozilla.org': Reading manifest: Invalid extension permission: telemetry
1572284002567	addons.webextension.screenshots@mozilla.org	WARN	Loading extension 'screenshots@mozilla.org': Reading manifest: Invalid extension permission: resource://pdf.js/
1572284002567	addons.webextension.screenshots@mozilla.org	WARN	Loading extension 'screenshots@mozilla.org': Reading manifest: Invalid extension permission: about:reader*
1572284004001	Marionette	INFO	Listening on port 49742
1572284004094	Marionette	WARN	TLS certificate errors will be ignored for this session
[GFX1-]: Receive IPC close with reason=AbnormalShutdown
[GFX1-]: Receive IPC close with reason=AbnormalShutdown
Exiting due to channel error.
[GFX1-]: Receive IPC close with reason=AbnormalShutdown
Exiting due to channel error.
[Child 1332, Chrome_ChildThread] WARNING: pipe error: Broken pipe: file /builds/worker/workspace/build/src/ipc/chromium/src/chrome/common/ipc_channel_posix.cc, line 728
Exiting due to channel error.
1572448400887	mozrunner::runner	INFO	Running command: "/Applications/Firefox.app/Contents/MacOS/firefox-bin" "-marionette" "-headless" "-foreground" "-no-remote" "-profile" "/var/folders/4f/cgdgg75s2_59y08qgjn1r6j40000gn/T/rust_mozprofile6z7DwG"
*** You are running in headless mode.
1572448402571	addons.webextension.screenshots@mozilla.org	WARN	Loading extension 'screenshots@mozilla.org': Reading manifest: Invalid extension permission: mozillaAddons
1572448402571	addons.webextension.screenshots@mozilla.org	WARN	Loading extension 'screenshots@mozilla.org': Reading manifest: Invalid extension permission: telemetry
1572448402571	addons.webextension.screenshots@mozilla.org	WARN	Loading extension 'screenshots@mozilla.org': Reading manifest: Invalid extension permission: resource://pdf.js/
1572448402571	addons.webextension.screenshots@mozilla.org	WARN	Loading extension 'screenshots@mozilla.org': Reading manifest: Invalid extension permission: about:reader*
1572448404495	Marionette	INFO	Listening on port 49503
1572448404552	Marionette	WARN	TLS certificate errors will be ignored for this session
[GFX1-]: Receive IPC close with reason=AbnormalShutdown
[Child 1022, Chrome_ChildThread] WARNING: pipe error: Broken pipe: file /builds/worker/workspace/build/src/ipc/chromium/src/chrome/common/ipc_channel_posix.cc, line 728
Exiting due to channel error.
[GFX1-]: Receive IPC close with reason=AbnormalShutdown
Exiting due to channel error.
[GFX1-]: Receive IPC close with reason=AbnormalShutdown
[Child 1020, Chrome_ChildThread] WARNING: pipe error: Broken pipe: file /builds/worker/workspace/build/src/ipc/chromium/src/chrome/common/ipc_channel_posix.cc, line 728
Exiting due to channel error.
1572860943073	mozrunner::runner	INFO	Running command: "/Applications/Firefox.app/Contents/MacOS/firefox-bin" "-marionette" "-headless" "-foreground" "-no-remote" "-profile" "/var/folders/4f/cgdgg75s2_59y08qgjn1r6j40000gn/T/rust_mozprofileQEETkg"
*** You are running in headless mode.
1572860944823	addons.webextension.screenshots@mozilla.org	WARN	Loading extension 'screenshots@mozilla.org': Reading manifest: Invalid extension permission: mozillaAddons
1572860944823	addons.webextension.screenshots@mozilla.org	WARN	Loading extension 'screenshots@mozilla.org': Reading manifest: Invalid extension permission: telemetry
1572860944823	addons.webextension.screenshots@mozilla.org	WARN	Loading extension 'screenshots@mozilla.org': Reading manifest: Invalid extension permission: resource://pdf.js/
1572860944823	addons.webextension.screenshots@mozilla.org	WARN	Loading extension 'screenshots@mozilla.org': Reading manifest: Invalid extension permission: about:reader*
1572860946815	Marionette	INFO	Listening on port 50154
1572860946838	Marionette	WARN	TLS certificate errors will be ignored for this session
JavaScript error: https://gum.criteo.com/syncframe?topUrl=www.booking.com#{%22bundle%22:{%22origin%22:0,%22value%22:null},%22cw%22:true,%22idfs%22:{%22origin%22:0,%22value%22:null},%22lwid%22:{%22origin%22:3,%22value%22:%22bbc6a753-922e-4219-8c7c-1446a078cccd%22},%22optout%22:{%22origin%22:0,%22value%22:null},%22origin%22:%22onetag%22,%22pm%22:0,%22sid%22:{%22origin%22:0,%22value%22:null},%22tld%22:%22booking.com%22,%22topUrl%22:%22www.booking.com%22,%22uid%22:null,%22version%22:%225_4_0%22}, line 13: SecurityError: The operation is insecure.
Exiting due to channel error.
[GFX1-]: Receive IPC close with reason=AbnormalShutdown
[GFX1-]: Receive IPC close with reason=AbnormalShutdown
Exiting due to channel error.
[GFX1-]: Receive IPC close with reason=AbnormalShutdown
Exiting due to channel error.
1572861311024	mozrunner::runner	INFO	Running command: "/Applications/Firefox.app/Contents/MacOS/firefox-bin" "-marionette" "-headless" "-foreground" "-no-remote" "-profile" "/var/folders/4f/cgdgg75s2_59y08qgjn1r6j40000gn/T/rust_mozprofileRafmBv"
*** You are running in headless mode.
1572861311449	addons.webextension.screenshots@mozilla.org	WARN	Loading extension 'screenshots@mozilla.org': Reading manifest: Invalid extension permission: mozillaAddons
1572861311449	addons.webextension.screenshots@mozilla.org	WARN	Loading extension 'screenshots@mozilla.org': Reading manifest: Invalid extension permission: telemetry
1572861311449	addons.webextension.screenshots@mozilla.org	WARN	Loading extension 'screenshots@mozilla.org': Reading manifest: Invalid extension permission: resource://pdf.js/
1572861311449	addons.webextension.screenshots@mozilla.org	WARN	Loading extension 'screenshots@mozilla.org': Reading manifest: Invalid extension permission: about:reader*
1572861312854	Marionette	INFO	Listening on port 50949
1572861312864	Marionette	WARN	TLS certificate errors will be ignored for this session
[GFX1-]: Receive IPC close with reason=AbnormalShutdown
[GFX1-]: Receive IPC close with reason=AbnormalShutdown
[Child 1626, Chrome_ChildThread] WARNING: pipe error: Broken pipe: file /builds/worker/workspace/build/src/ipc/chromium/src/chrome/common/ipc_channel_posix.cc, line 728
Exiting due to channel error.
Exiting due to channel error.
[Child 1625, Chrome_ChildThread] WARNING: pipe error: Broken pipe: file /builds/worker/workspace/build/src/ipc/chromium/src/chrome/common/ipc_channel_posix.cc, line 728
Exiting due to channel error.
1572861733014	mozrunner::runner	INFO	Running command: "/Applications/Firefox.app/Contents/MacOS/firefox-bin" "-marionette" "-headless" "-foreground" "-no-remote" "-profile" "/var/folders/4f/cgdgg75s2_59y08qgjn1r6j40000gn/T/rust_mozprofileYEslYc"
*** You are running in headless mode.
1572861733423	addons.webextension.screenshots@mozilla.org	WARN	Loading extension 'screenshots@mozilla.org': Reading manifest: Invalid extension permission: mozillaAddons
1572861733423	addons.webextension.screenshots@mozilla.org	WARN	Loading extension 'screenshots@mozilla.org': Reading manifest: Invalid extension permission: telemetry
1572861733424	addons.webextension.screenshots@mozilla.org	WARN	Loading extension 'screenshots@mozilla.org': Reading manifest: Invalid extension permission: resource://pdf.js/
1572861733424	addons.webextension.screenshots@mozilla.org	WARN	Loading extension 'screenshots@mozilla.org': Reading manifest: Invalid extension permission: about:reader*
1572861734903	Marionette	INFO	Listening on port 52736
1572861734953	Marionette	WARN	TLS certificate errors will be ignored for this session
1572861770007	mozrunner::runner	INFO	Running command: "/Applications/Firefox.app/Contents/MacOS/firefox-bin" "-marionette" "-headless" "-foreground" "-no-remote" "-profile" "/var/folders/4f/cgdgg75s2_59y08qgjn1r6j40000gn/T/rust_mozprofile04KPxK"
*** You are running in headless mode.
1572861770408	addons.webextension.screenshots@mozilla.org	WARN	Loading extension 'screenshots@mozilla.org': Reading manifest: Invalid extension permission: mozillaAddons
1572861770408	addons.webextension.screenshots@mozilla.org	WARN	Loading extension 'screenshots@mozilla.org': Reading manifest: Invalid extension permission: telemetry
1572861770409	addons.webextension.screenshots@mozilla.org	WARN	Loading extension 'screenshots@mozilla.org': Reading manifest: Invalid extension permission: resource://pdf.js/
1572861770409	addons.webextension.screenshots@mozilla.org	WARN	Loading extension 'screenshots@mozilla.org': Reading manifest: Invalid extension permission: about:reader*
1572861771955	Marionette	INFO	Listening on port 52985
1572861772058	Marionette	WARN	TLS certificate errors will be ignored for this session
[GFX1-]: Receive IPC close with reason=AbnormalShutdown
[Child 1682, Chrome_ChildThread] WARNING: pipe error: Broken pipe: file /builds/worker/workspace/build/src/ipc/chromium/src/chrome/common/ipc_channel_posix.cc, line 728
Exiting due to channel error.
[GFX1-]: Receive IPC close with reason=AbnormalShutdown
Exiting due to channel error.
[GFX1-]: Receive IPC close with reason=AbnormalShutdown
Exiting due to channel error.
1572862246811	mozrunner::runner	INFO	Running command: "/Applications/Firefox.app/Contents/MacOS/firefox-bin" "-marionette" "-foreground" "-no-remote" "-profile" "/var/folders/4f/cgdgg75s2_59y08qgjn1r6j40000gn/T/rust_mozprofileFyjjAj"
1572862249845	addons.webextension.screenshots@mozilla.org	WARN	Loading extension 'screenshots@mozilla.org': Reading manifest: Invalid extension permission: mozillaAddons
1572862249845	addons.webextension.screenshots@mozilla.org	WARN	Loading extension 'screenshots@mozilla.org': Reading manifest: Invalid extension permission: telemetry
1572862249845	addons.webextension.screenshots@mozilla.org	WARN	Loading extension 'screenshots@mozilla.org': Reading manifest: Invalid extension permission: resource://pdf.js/
1572862249845	addons.webextension.screenshots@mozilla.org	WARN	Loading extension 'screenshots@mozilla.org': Reading manifest: Invalid extension permission: about:reader*
1572862251500	Marionette	INFO	Listening on port 55144
1572862282040	mozrunner::runner	INFO	Running command: "/Applications/Firefox.app/Contents/MacOS/firefox-bin" "-marionette" "-foreground" "-no-remote" "-profile" "/var/folders/4f/cgdgg75s2_59y08qgjn1r6j40000gn/T/rust_mozprofilebNVGli"
1572862282671	addons.webextension.screenshots@mozilla.org	WARN	Loading extension 'screenshots@mozilla.org': Reading manifest: Invalid extension permission: mozillaAddons
1572862282671	addons.webextension.screenshots@mozilla.org	WARN	Loading extension 'screenshots@mozilla.org': Reading manifest: Invalid extension permission: telemetry
1572862282672	addons.webextension.screenshots@mozilla.org	WARN	Loading extension 'screenshots@mozilla.org': Reading manifest: Invalid extension permission: resource://pdf.js/
1572862282672	addons.webextension.screenshots@mozilla.org	WARN	Loading extension 'screenshots@mozilla.org': Reading manifest: Invalid extension permission: about:reader*
1572862284345	Marionette	INFO	Listening on port 55324
1572862284377	Marionette	WARN	TLS certificate errors will be ignored for this session
[GFX1-]: Receive IPC close with reason=AbnormalShutdown
[Child 1749, Chrome_ChildThread] WARNING: pipe error: Broken pipe: file /builds/worker/workspace/build/src/ipc/chromium/src/chrome/common/ipc_channel_posix.cc, line 728
[GFX1-]: Receive IPC close with reason=AbnormalShutdown
[GFX1-]: Receive IPC close with reason=AbnormalShutdown
Exiting due to channel error.
Exiting due to channel error.
Exiting due to channel error.
1572862420586	mozrunner::runner	INFO	Running command: "/Applications/Firefox.app/Contents/MacOS/firefox-bin" "-marionette" "-foreground" "-no-remote" "-profile" "/var/folders/4f/cgdgg75s2_59y08qgjn1r6j40000gn/T/rust_mozprofilecCN3TD"
1572862421087	addons.webextension.screenshots@mozilla.org	WARN	Loading extension 'screenshots@mozilla.org': Reading manifest: Invalid extension permission: mozillaAddons
1572862421087	addons.webextension.screenshots@mozilla.org	WARN	Loading extension 'screenshots@mozilla.org': Reading manifest: Invalid extension permission: telemetry
1572862421087	addons.webextension.screenshots@mozilla.org	WARN	Loading extension 'screenshots@mozilla.org': Reading manifest: Invalid extension permission: resource://pdf.js/
1572862421087	addons.webextension.screenshots@mozilla.org	WARN	Loading extension 'screenshots@mozilla.org': Reading manifest: Invalid extension permission: about:reader*
1572862422684	Marionette	INFO	Listening on port 56152
1572862422722	Marionette	WARN	TLS certificate errors will be ignored for this session
[GFX1-]: Receive IPC close with reason=AbnormalShutdown
Exiting due to channel error.
[GFX1-]: Receive IPC close with reason=AbnormalShutdown
[GFX1-]: Receive IPC close with reason=AbnormalShutdown
Exiting due to channel error.
Exiting due to channel error.
1572862620524	mozrunner::runner	INFO	Running command: "/Applications/Firefox.app/Contents/MacOS/firefox-bin" "-marionette" "-foreground" "-no-remote" "-profile" "/var/folders/4f/cgdgg75s2_59y08qgjn1r6j40000gn/T/rust_mozprofileYiht7K"
1572862621017	addons.webextension.screenshots@mozilla.org	WARN	Loading extension 'screenshots@mozilla.org': Reading manifest: Invalid extension permission: mozillaAddons
1572862621017	addons.webextension.screenshots@mozilla.org	WARN	Loading extension 'screenshots@mozilla.org': Reading manifest: Invalid extension permission: telemetry
1572862621017	addons.webextension.screenshots@mozilla.org	WARN	Loading extension 'screenshots@mozilla.org': Reading manifest: Invalid extension permission: resource://pdf.js/
1572862621017	addons.webextension.screenshots@mozilla.org	WARN	Loading extension 'screenshots@mozilla.org': Reading manifest: Invalid extension permission: about:reader*
1572862622549	Marionette	INFO	Listening on port 57139
1572862622583	Marionette	WARN	TLS certificate errors will be ignored for this session
1572862785734	mozrunner::runner	INFO	Running command: "/Applications/Firefox.app/Contents/MacOS/firefox-bin" "-marionette" "-foreground" "-no-remote" "-profile" "/var/folders/4f/cgdgg75s2_59y08qgjn1r6j40000gn/T/rust_mozprofilejD3VR6"
1572862786176	addons.webextension.screenshots@mozilla.org	WARN	Loading extension 'screenshots@mozilla.org': Reading manifest: Invalid extension permission: mozillaAddons
1572862786176	addons.webextension.screenshots@mozilla.org	WARN	Loading extension 'screenshots@mozilla.org': Reading manifest: Invalid extension permission: telemetry
1572862786176	addons.webextension.screenshots@mozilla.org	WARN	Loading extension 'screenshots@mozilla.org': Reading manifest: Invalid extension permission: resource://pdf.js/
1572862786176	addons.webextension.screenshots@mozilla.org	WARN	Loading extension 'screenshots@mozilla.org': Reading manifest: Invalid extension permission: about:reader*
1572862787755	Marionette	INFO	Listening on port 58128
1572862787809	Marionette	WARN	TLS certificate errors will be ignored for this session
[GFX1-]: Receive IPC close with reason=AbnormalShutdown
[GFX1-]: Receive IPC close with reason=AbnormalShutdown
[GFX1-]: Receive IPC close with reason=AbnormalShutdown
Exiting due to channel error.
Exiting due to channel error.
Exiting due to channel error.
1572862967251	mozrunner::runner	INFO	Running command: "/Applications/Firefox.app/Contents/MacOS/firefox-bin" "-marionette" "-foreground" "-no-remote" "-profile" "/var/folders/4f/cgdgg75s2_59y08qgjn1r6j40000gn/T/rust_mozprofileYxz1p5"
1572862967745	addons.webextension.screenshots@mozilla.org	WARN	Loading extension 'screenshots@mozilla.org': Reading manifest: Invalid extension permission: mozillaAddons
1572862967746	addons.webextension.screenshots@mozilla.org	WARN	Loading extension 'screenshots@mozilla.org': Reading manifest: Invalid extension permission: telemetry
1572862967746	addons.webextension.screenshots@mozilla.org	WARN	Loading extension 'screenshots@mozilla.org': Reading manifest: Invalid extension permission: resource://pdf.js/
1572862967746	addons.webextension.screenshots@mozilla.org	WARN	Loading extension 'screenshots@mozilla.org': Reading manifest: Invalid extension permission: about:reader*
1572862969387	Marionette	INFO	Listening on port 58977
1572862969407	Marionette	WARN	TLS certificate errors will be ignored for this session
1572862990395	mozrunner::runner	INFO	Running command: "/Applications/Firefox.app/Contents/MacOS/firefox-bin" "-marionette" "-foreground" "-no-remote" "-profile" "/var/folders/4f/cgdgg75s2_59y08qgjn1r6j40000gn/T/rust_mozprofilesckUZh"
1572862990935	addons.webextension.screenshots@mozilla.org	WARN	Loading extension 'screenshots@mozilla.org': Reading manifest: Invalid extension permission: mozillaAddons
1572862990936	addons.webextension.screenshots@mozilla.org	WARN	Loading extension 'screenshots@mozilla.org': Reading manifest: Invalid extension permission: telemetry
1572862990936	addons.webextension.screenshots@mozilla.org	WARN	Loading extension 'screenshots@mozilla.org': Reading manifest: Invalid extension permission: resource://pdf.js/
1572862990936	addons.webextension.screenshots@mozilla.org	WARN	Loading extension 'screenshots@mozilla.org': Reading manifest: Invalid extension permission: about:reader*
1572862992501	Marionette	INFO	Listening on port 59213
1572862992568	Marionette	WARN	TLS certificate errors will be ignored for this session
[GFX1-]: Receive IPC close with reason=AbnormalShutdown
Exiting due to channel error.
[GFX1-]: Receive IPC close with reason=AbnormalShutdown
[Child 1875, Chrome_ChildThread] WARNING: pipe error: Broken pipe: file /builds/worker/workspace/build/src/ipc/chromium/src/chrome/common/ipc_channel_posix.cc, line 728
Exiting due to channel error.
Exiting due to channel error.
1572863085994	mozrunner::runner	INFO	Running command: "/Applications/Firefox.app/Contents/MacOS/firefox-bin" "-marionette" "-headless" "-foreground" "-no-remote" "-profile" "/var/folders/4f/cgdgg75s2_59y08qgjn1r6j40000gn/T/rust_mozprofile422OL0"
*** You are running in headless mode.
1572863086418	addons.webextension.screenshots@mozilla.org	WARN	Loading extension 'screenshots@mozilla.org': Reading manifest: Invalid extension permission: mozillaAddons
1572863086419	addons.webextension.screenshots@mozilla.org	WARN	Loading extension 'screenshots@mozilla.org': Reading manifest: Invalid extension permission: telemetry
1572863086419	addons.webextension.screenshots@mozilla.org	WARN	Loading extension 'screenshots@mozilla.org': Reading manifest: Invalid extension permission: resource://pdf.js/
1572863086419	addons.webextension.screenshots@mozilla.org	WARN	Loading extension 'screenshots@mozilla.org': Reading manifest: Invalid extension permission: about:reader*
1572863088100	Marionette	INFO	Listening on port 60030
1572863088139	Marionette	WARN	TLS certificate errors will be ignored for this session
[GFX1-]: Receive IPC close with reason=AbnormalShutdown
[Child 1894, Chrome_ChildThread] WARNING: pipe error: Broken pipe: file /builds/worker/workspace/build/src/ipc/chromium/src/chrome/common/ipc_channel_posix.cc, line 728
Exiting due to channel error.
[GFX1-]: Receive IPC close with reason=AbnormalShutdown
[GFX1-]: Receive IPC close with reason=AbnormalShutdown
[Child 1891, Chrome_ChildThread] WARNING: pipe error: Broken pipe: file /builds/worker/workspace/build/src/ipc/chromium/src/chrome/common/ipc_channel_posix.cc, line 728
Exiting due to channel error.
Exiting due to channel error.
1572863168855	mozrunner::runner	INFO	Running command: "/Applications/Firefox.app/Contents/MacOS/firefox-bin" "-marionette" "-headless" "-foreground" "-no-remote" "-profile" "/var/folders/4f/cgdgg75s2_59y08qgjn1r6j40000gn/T/rust_mozprofileeXbwc0"
*** You are running in headless mode.
1572863169282	addons.webextension.screenshots@mozilla.org	WARN	Loading extension 'screenshots@mozilla.org': Reading manifest: Invalid extension permission: mozillaAddons
1572863169282	addons.webextension.screenshots@mozilla.org	WARN	Loading extension 'screenshots@mozilla.org': Reading manifest: Invalid extension permission: telemetry
1572863169282	addons.webextension.screenshots@mozilla.org	WARN	Loading extension 'screenshots@mozilla.org': Reading manifest: Invalid extension permission: resource://pdf.js/
1572863169282	addons.webextension.screenshots@mozilla.org	WARN	Loading extension 'screenshots@mozilla.org': Reading manifest: Invalid extension permission: about:reader*
1572863170853	Marionette	INFO	Listening on port 60499
1572863170887	Marionette	WARN	TLS certificate errors will be ignored for this session
1572863303855	mozrunner::runner	INFO	Running command: "/Applications/Firefox.app/Contents/MacOS/firefox-bin" "-marionette" "-headless" "-foreground" "-no-remote" "-profile" "/var/folders/4f/cgdgg75s2_59y08qgjn1r6j40000gn/T/rust_mozprofileZQacji"
*** You are running in headless mode.
1572863304255	addons.webextension.screenshots@mozilla.org	WARN	Loading extension 'screenshots@mozilla.org': Reading manifest: Invalid extension permission: mozillaAddons
1572863304256	addons.webextension.screenshots@mozilla.org	WARN	Loading extension 'screenshots@mozilla.org': Reading manifest: Invalid extension permission: telemetry
1572863304256	addons.webextension.screenshots@mozilla.org	WARN	Loading extension 'screenshots@mozilla.org': Reading manifest: Invalid extension permission: resource://pdf.js/
1572863304256	addons.webextension.screenshots@mozilla.org	WARN	Loading extension 'screenshots@mozilla.org': Reading manifest: Invalid extension permission: about:reader*
1572863305850	Marionette	INFO	Listening on port 61476
1572863305911	Marionette	WARN	TLS certificate errors will be ignored for this session
1572863537326	mozrunner::runner	INFO	Running command: "/Applications/Firefox.app/Contents/MacOS/firefox-bin" "-marionette" "-headless" "-foreground" "-no-remote" "-profile" "/var/folders/4f/cgdgg75s2_59y08qgjn1r6j40000gn/T/rust_mozprofilepDWGhs"
*** You are running in headless mode.
1572863537737	addons.webextension.screenshots@mozilla.org	WARN	Loading extension 'screenshots@mozilla.org': Reading manifest: Invalid extension permission: mozillaAddons
1572863537738	addons.webextension.screenshots@mozilla.org	WARN	Loading extension 'screenshots@mozilla.org': Reading manifest: Invalid extension permission: telemetry
1572863537738	addons.webextension.screenshots@mozilla.org	WARN	Loading extension 'screenshots@mozilla.org': Reading manifest: Invalid extension permission: resource://pdf.js/
1572863537738	addons.webextension.screenshots@mozilla.org	WARN	Loading extension 'screenshots@mozilla.org': Reading manifest: Invalid extension permission: about:reader*
1572863539372	Marionette	INFO	Listening on port 62832
1572863539474	Marionette	WARN	TLS certificate errors will be ignored for this session
JavaScript error: https://gum.criteo.com/syncframe?topUrl=www.booking.com#{%22bundle%22:{%22origin%22:0,%22value%22:null},%22cw%22:true,%22idfs%22:{%22origin%22:0,%22value%22:null},%22lwid%22:{%22origin%22:3,%22value%22:%221b7990d3-93cd-4c23-af4d-e51615cd376e%22},%22optout%22:{%22origin%22:0,%22value%22:null},%22origin%22:%22onetag%22,%22pm%22:0,%22sid%22:{%22origin%22:0,%22value%22:null},%22tld%22:%22booking.com%22,%22topUrl%22:%22www.booking.com%22,%22uid%22:null,%22version%22:%225_4_0%22}, line 13: SecurityError: The operation is insecure.
JavaScript error: https://gum.criteo.com/syncframe?topUrl=www.booking.com#{%22bundle%22:{%22origin%22:0,%22value%22:null},%22cw%22:true,%22idfs%22:{%22origin%22:0,%22value%22:null},%22lwid%22:{%22origin%22:3,%22value%22:%221b7990d3-93cd-4c23-af4d-e51615cd376e%22},%22optout%22:{%22origin%22:0,%22value%22:null},%22origin%22:%22onetag%22,%22pm%22:0,%22sid%22:{%22origin%22:0,%22value%22:null},%22tld%22:%22booking.com%22,%22topUrl%22:%22www.booking.com%22,%22uid%22:null,%22version%22:%225_4_0%22}, line 13: SecurityError: The operation is insecure.
JavaScript error: https://gum.criteo.com/syncframe?topUrl=www.booking.com#{%22bundle%22:{%22origin%22:0,%22value%22:null},%22cw%22:true,%22idfs%22:{%22origin%22:0,%22value%22:null},%22lwid%22:{%22origin%22:3,%22value%22:%221b7990d3-93cd-4c23-af4d-e51615cd376e%22},%22optout%22:{%22origin%22:0,%22value%22:null},%22origin%22:%22onetag%22,%22pm%22:0,%22sid%22:{%22origin%22:0,%22value%22:null},%22tld%22:%22booking.com%22,%22topUrl%22:%22www.booking.com%22,%22uid%22:null,%22version%22:%225_4_0%22}, line 13: SecurityError: The operation is insecure.
JavaScript error: https://gum.criteo.com/syncframe?topUrl=www.booking.com#{%22bundle%22:{%22origin%22:0,%22value%22:null},%22cw%22:true,%22idfs%22:{%22origin%22:0,%22value%22:null},%22lwid%22:{%22origin%22:3,%22value%22:%221b7990d3-93cd-4c23-af4d-e51615cd376e%22},%22optout%22:{%22origin%22:0,%22value%22:null},%22origin%22:%22onetag%22,%22pm%22:0,%22sid%22:{%22origin%22:0,%22value%22:null},%22tld%22:%22booking.com%22,%22topUrl%22:%22www.booking.com%22,%22uid%22:null,%22version%22:%225_4_0%22}, line 13: SecurityError: The operation is insecure.
Exiting due to channel error.
Exiting due to channel error.
[GFX1-]: Receive IPC close with reason=AbnormalShutdown
Exiting due to channel error.
1572863925653	mozrunner::runner	INFO	Running command: "/Applications/Firefox.app/Contents/MacOS/firefox-bin" "-marionette" "-headless" "-foreground" "-no-remote" "-profile" "/var/folders/4f/cgdgg75s2_59y08qgjn1r6j40000gn/T/rust_mozprofileqHm6F3"
*** You are running in headless mode.
1572863926128	addons.webextension.screenshots@mozilla.org	WARN	Loading extension 'screenshots@mozilla.org': Reading manifest: Invalid extension permission: mozillaAddons
1572863926128	addons.webextension.screenshots@mozilla.org	WARN	Loading extension 'screenshots@mozilla.org': Reading manifest: Invalid extension permission: telemetry
1572863926128	addons.webextension.screenshots@mozilla.org	WARN	Loading extension 'screenshots@mozilla.org': Reading manifest: Invalid extension permission: resource://pdf.js/
1572863926128	addons.webextension.screenshots@mozilla.org	WARN	Loading extension 'screenshots@mozilla.org': Reading manifest: Invalid extension permission: about:reader*
1572863927677	Marionette	INFO	Listening on port 49717
1572863927712	Marionette	WARN	TLS certificate errors will be ignored for this session
JavaScript error: https://gum.criteo.com/syncframe?topUrl=www.booking.com#{%22bundle%22:{%22origin%22:0,%22value%22:null},%22cw%22:true,%22idfs%22:{%22origin%22:0,%22value%22:null},%22lwid%22:{%22origin%22:3,%22value%22:%22f80f1572-2452-4111-a2c4-dbd759031a9b%22},%22optout%22:{%22origin%22:0,%22value%22:null},%22origin%22:%22onetag%22,%22pm%22:0,%22sid%22:{%22origin%22:0,%22value%22:null},%22tld%22:%22booking.com%22,%22topUrl%22:%22www.booking.com%22,%22uid%22:null,%22version%22:%225_4_0%22}, line 13: SecurityError: The operation is insecure.
IPDL protocol error: Handler returned error code!

###!!! [Parent][DispatchAsyncMessage] Error: PMessagePort::Msg_PostMessages Processing error: message was deserialized, but the handler returned false (indicating failure)

JavaScript error: https://gum.criteo.com/syncframe?topUrl=www.booking.com#{%22bundle%22:{%22origin%22:0,%22value%22:null},%22cw%22:true,%22idfs%22:{%22origin%22:0,%22value%22:null},%22lwid%22:{%22origin%22:3,%22value%22:%22f80f1572-2452-4111-a2c4-dbd759031a9b%22},%22optout%22:{%22origin%22:0,%22value%22:null},%22origin%22:%22onetag%22,%22pm%22:0,%22sid%22:{%22origin%22:0,%22value%22:null},%22tld%22:%22booking.com%22,%22topUrl%22:%22www.booking.com%22,%22uid%22:null,%22version%22:%225_4_0%22}, line 13: SecurityError: The operation is insecure.
JavaScript error: https://gum.criteo.com/syncframe?topUrl=www.booking.com#{%22bundle%22:{%22origin%22:0,%22value%22:null},%22cw%22:true,%22idfs%22:{%22origin%22:0,%22value%22:null},%22lwid%22:{%22origin%22:3,%22value%22:%22f80f1572-2452-4111-a2c4-dbd759031a9b%22},%22optout%22:{%22origin%22:0,%22value%22:null},%22origin%22:%22onetag%22,%22pm%22:0,%22sid%22:{%22origin%22:0,%22value%22:null},%22tld%22:%22booking.com%22,%22topUrl%22:%22www.booking.com%22,%22uid%22:null,%22version%22:%225_4_0%22}, line 13: SecurityError: The operation is insecure.
JavaScript error: https://gum.criteo.com/syncframe?topUrl=www.booking.com#{%22bundle%22:{%22origin%22:0,%22value%22:null},%22cw%22:true,%22idfs%22:{%22origin%22:0,%22value%22:null},%22lwid%22:{%22origin%22:3,%22value%22:%22f80f1572-2452-4111-a2c4-dbd759031a9b%22},%22optout%22:{%22origin%22:0,%22value%22:null},%22origin%22:%22onetag%22,%22pm%22:0,%22sid%22:{%22origin%22:0,%22value%22:null},%22tld%22:%22booking.com%22,%22topUrl%22:%22www.booking.com%22,%22uid%22:null,%22version%22:%225_4_0%22}, line 13: SecurityError: The operation is insecure.
JavaScript error: https://gum.criteo.com/syncframe?topUrl=www.booking.com#{%22bundle%22:{%22origin%22:0,%22value%22:null},%22cw%22:true,%22idfs%22:{%22origin%22:0,%22value%22:null},%22lwid%22:{%22origin%22:3,%22value%22:%22f80f1572-2452-4111-a2c4-dbd759031a9b%22},%22optout%22:{%22origin%22:0,%22value%22:null},%22origin%22:%22onetag%22,%22pm%22:0,%22sid%22:{%22origin%22:0,%22value%22:null},%22tld%22:%22booking.com%22,%22topUrl%22:%22www.booking.com%22,%22uid%22:null,%22version%22:%225_4_0%22}, line 13: SecurityError: The operation is insecure.
JavaScript error: https://gum.criteo.com/syncframe?topUrl=www.booking.com#{%22bundle%22:{%22origin%22:0,%22value%22:null},%22cw%22:true,%22idfs%22:{%22origin%22:0,%22value%22:null},%22lwid%22:{%22origin%22:3,%22value%22:%22f80f1572-2452-4111-a2c4-dbd759031a9b%22},%22optout%22:{%22origin%22:0,%22value%22:null},%22origin%22:%22onetag%22,%22pm%22:0,%22sid%22:{%22origin%22:0,%22value%22:null},%22tld%22:%22booking.com%22,%22topUrl%22:%22www.booking.com%22,%22uid%22:null,%22version%22:%225_4_0%22}, line 13: SecurityError: The operation is insecure.
[GFX1-]: Receive IPC close with reason=AbnormalShutdown
[GFX1-]: Receive IPC close with reason=AbnormalShutdown
[GFX1-]: Receive IPC close with reason=AbnormalShutdown
[Child 3787, Chrome_ChildThread] WARNING: pipe error: Broken pipe: file /builds/worker/workspace/build/src/ipc/chromium/src/chrome/common/ipc_channel_posix.cc, line 728
Exiting due to channel error.
Exiting due to channel error.
Exiting due to channel error.
